<?xml version="1.0" encoding="UTF-8"?>
<testng-results ignored="0" total="1" passed="1" failed="0" skipped="0">
  <reporter-output>
  </reporter-output>
  <suite started-at="2025-09-17T16:36:14 IST" name="Default suite" finished-at="2025-09-17T16:36:24 IST" duration-ms="9696">
    <groups>
    </groups>
    <test started-at="2025-09-17T16:36:14 IST" name="Default test" finished-at="2025-09-17T16:36:24 IST" duration-ms="9696">
      <class name="tests.LoginTest">
        <test-method is-config="true" signature="setUp()[pri:0, instance:tests.LoginTest@76505305]" started-at="2025-09-17T16:36:14 IST" name="setUp" finished-at="2025-09-17T16:36:20 IST" duration-ms="5931" status="PASS">
          <reporter-output>
          </reporter-output>
        </test-method> <!-- setUp -->
        <test-method signature="testValidLogin()[pri:0, instance:tests.LoginTest@76505305]" started-at="2025-09-17T16:36:20 IST" name="testValidLogin" finished-at="2025-09-17T16:36:24 IST" duration-ms="3720" status="PASS">
          <reporter-output>
          </reporter-output>
        </test-method> <!-- testValidLogin -->
        <test-method is-config="true" signature="tearDown()[pri:0, instance:tests.LoginTest@76505305]" started-at="2025-09-17T16:36:24 IST" name="tearDown" finished-at="2025-09-17T16:36:24 IST" duration-ms="1" status="PASS">
          <reporter-output>
          </reporter-output>
        </test-method> <!-- tearDown -->
      </class> <!-- tests.LoginTest -->
    </test> <!-- Default test -->
  </suite> <!-- Default suite -->
</testng-results>
