<?xml version="1.0" encoding="UTF-8"?>
<testng-results ignored="0" total="1" passed="1" failed="0" skipped="0">
  <reporter-output>
  </reporter-output>
  <suite started-at="2025-09-16T20:04:23 IST" name="Loginsuite" finished-at="2025-09-16T20:04:30 IST" duration-ms="7082">
    <groups>
    </groups>
    <test started-at="2025-09-16T20:04:23 IST" name="Logintests" finished-at="2025-09-16T20:04:30 IST" duration-ms="7082">
      <class name="tests.LoginTest">
        <test-method is-config="true" signature="setUp()[pri:0, instance:tests.LoginTest@4c371370]" started-at="2025-09-16T20:04:23 IST" name="setUp" finished-at="2025-09-16T20:04:26 IST" duration-ms="3200" status="PASS">
          <reporter-output>
          </reporter-output>
        </test-method> <!-- setUp -->
        <test-method signature="testValidLogin()[pri:0, instance:tests.LoginTest@4c371370]" started-at="2025-09-16T20:04:26 IST" name="testValidLogin" finished-at="2025-09-16T20:04:30 IST" duration-ms="3827" status="PASS">
          <reporter-output>
          </reporter-output>
        </test-method> <!-- testValidLogin -->
        <test-method is-config="true" signature="tearDown()[pri:0, instance:tests.LoginTest@4c371370]" started-at="2025-09-16T20:04:30 IST" name="tearDown" finished-at="2025-09-16T20:04:30 IST" duration-ms="9" status="PASS">
          <reporter-output>
          </reporter-output>
        </test-method> <!-- tearDown -->
      </class> <!-- tests.LoginTest -->
    </test> <!-- Logintests -->
  </suite> <!-- Loginsuite -->
</testng-results>
